mode: set
project/research/algorithm-data-structure-part1/problem1/primex.go:5.29,8.27 3 1
project/research/algorithm-data-structure-part1/problem1/primex.go:8.27,10.28 2 1
project/research/algorithm-data-structure-part1/problem1/primex.go:10.28,11.18 1 1
project/research/algorithm-data-structure-part1/problem1/primex.go:11.18,13.10 2 1
project/research/algorithm-data-structure-part1/problem1/primex.go:16.3,16.14 1 1
project/research/algorithm-data-structure-part1/problem1/primex.go:16.14,18.4 1 1
project/research/algorithm-data-structure-part1/problem1/primex.go:19.3,19.8 1 1
project/research/algorithm-data-structure-part1/problem1/primex.go:21.2,21.16 1 1
project/research/algorithm-data-structure-part1/problem1/primex.go:25.13,31.2 5 0
